{"/Users/yuruiqi/Desktop/软件工程/BUPTCheapHotel/HotelFrontend/UserVue/src/assets/font/iconfont.js": {"path":"/Users/yuruiqi/Desktop/软件工程/BUPTCheapHotel/HotelFrontend/UserVue/src/assets/font/iconfont.js","statementMap":{"0":{"start":{"line":1,"column":0},"end":{"line":1,"column":59863}},"1":{"start":{"line":1,"column":58570},"end":{"line":1,"column":58625}},"2":{"start":{"line":1,"column":58628},"end":{"line":1,"column":58660}},"3":{"start":{"line":1,"column":58663},"end":{"line":1,"column":58703}},"4":{"start":{"line":1,"column":58704},"end":{"line":1,"column":59732}},"5":{"start":{"line":1,"column":58727},"end":{"line":1,"column":58772}},"6":{"start":{"line":1,"column":58741},"end":{"line":1,"column":58771}},"7":{"start":{"line":1,"column":58773},"end":{"line":1,"column":59031}},"8":{"start":{"line":1,"column":58812},"end":{"line":1,"column":58846}},"9":{"start":{"line":1,"column":58846},"end":{"line":1,"column":59030}},"10":{"start":{"line":1,"column":58850},"end":{"line":1,"column":58996}},"11":{"start":{"line":1,"column":59006},"end":{"line":1,"column":59029}},"12":{"start":{"line":1,"column":59031},"end":{"line":1,"column":59731}},"13":{"start":{"line":1,"column":59052},"end":{"line":1,"column":59081}},"14":{"start":{"line":1,"column":59082},"end":{"line":1,"column":59356}},"15":{"start":{"line":1,"column":59480},"end":{"line":1,"column":59537}},"16":{"start":{"line":1,"column":59672},"end":{"line":1,"column":59729}},"17":{"start":{"line":1,"column":59745},"end":{"line":1,"column":59758}},"18":{"start":{"line":1,"column":59772},"end":{"line":1,"column":59849}},"19":{"start":{"line":1,"column":59776},"end":{"line":1,"column":59810}},"20":{"start":{"line":1,"column":59820},"end":{"line":1,"column":59848}},"21":{"start":{"line":1,"column":59849},"end":{"line":1,"column":59852}}},"fnMap":{"0":{"name":"(anonymous_0)","decl":{"start":{"line":1,"column":58552},"end":{"line":1,"column":58553}},"loc":{"start":{"line":1,"column":58563},"end":{"line":1,"column":59854}},"line":1},"1":{"name":"(anonymous_1)","decl":{"start":{"line":1,"column":58727},"end":{"line":1,"column":58728}},"loc":{"start":{"line":1,"column":58740},"end":{"line":1,"column":58772}},"line":1},"2":{"name":"(anonymous_2)","decl":{"start":{"line":1,"column":59033},"end":{"line":1,"column":59034}},"loc":{"start":{"line":1,"column":59043},"end":{"line":1,"column":59357}},"line":1},"3":{"name":"(anonymous_3)","decl":{"start":{"line":1,"column":59469},"end":{"line":1,"column":59470}},"loc":{"start":{"line":1,"column":59479},"end":{"line":1,"column":59538}},"line":1},"4":{"name":"(anonymous_4)","decl":{"start":{"line":1,"column":59661},"end":{"line":1,"column":59662}},"loc":{"start":{"line":1,"column":59671},"end":{"line":1,"column":59730}},"line":1},"5":{"name":"d","decl":{"start":{"line":1,"column":59741},"end":{"line":1,"column":59742}},"loc":{"start":{"line":1,"column":59744},"end":{"line":1,"column":59759}},"line":1},"6":{"name":"m","decl":{"start":{"line":1,"column":59768},"end":{"line":1,"column":59769}},"loc":{"start":{"line":1,"column":59771},"end":{"line":1,"column":59853}},"line":1}},"branchMap":{"0":{"loc":{"start":{"line":1,"column":58704},"end":{"line":1,"column":59732}},"type":"if","locations":[{"start":{"line":1,"column":58704},"end":{"line":1,"column":59732}},{"start":{},"end":{}}],"line":1},"1":{"loc":{"start":{"line":1,"column":58773},"end":{"line":1,"column":59031}},"type":"if","locations":[{"start":{"line":1,"column":58773},"end":{"line":1,"column":59031}},{"start":{},"end":{}}],"line":1},"2":{"loc":{"start":{"line":1,"column":58776},"end":{"line":1,"column":58810}},"type":"binary-expr","locations":[{"start":{"line":1,"column":58776},"end":{"line":1,"column":58777}},{"start":{"line":1,"column":58779},"end":{"line":1,"column":58810}}],"line":1},"3":{"loc":{"start":{"line":1,"column":59006},"end":{"line":1,"column":59029}},"type":"binary-expr","locations":[{"start":{"line":1,"column":59006},"end":{"line":1,"column":59013}},{"start":{"line":1,"column":59015},"end":{"line":1,"column":59029}}],"line":1},"4":{"loc":{"start":{"line":1,"column":59125},"end":{"line":1,"column":59356}},"type":"binary-expr","locations":[{"start":{"line":1,"column":59126},"end":{"line":1,"column":59160}},{"start":{"line":1,"column":59164},"end":{"line":1,"column":59355}}],"line":1},"5":{"loc":{"start":{"line":1,"column":59292},"end":{"line":1,"column":59355}},"type":"cond-expr","locations":[{"start":{"line":1,"column":59321},"end":{"line":1,"column":59338}},{"start":{"line":1,"column":59339},"end":{"line":1,"column":59355}}],"line":1},"6":{"loc":{"start":{"line":1,"column":59358},"end":{"line":1,"column":59731}},"type":"cond-expr","locations":[{"start":{"line":1,"column":59384},"end":{"line":1,"column":59590}},{"start":{"line":1,"column":59591},"end":{"line":1,"column":59731}}],"line":1},"7":{"loc":{"start":{"line":1,"column":59384},"end":{"line":1,"column":59590}},"type":"cond-expr","locations":[{"start":{"line":1,"column":59450},"end":{"line":1,"column":59465}},{"start":{"line":1,"column":59467},"end":{"line":1,"column":59589}}],"line":1},"8":{"loc":{"start":{"line":1,"column":59591},"end":{"line":1,"column":59731}},"type":"binary-expr","locations":[{"start":{"line":1,"column":59591},"end":{"line":1,"column":59611}},{"start":{"line":1,"column":59614},"end":{"line":1,"column":59730}}],"line":1},"9":{"loc":{"start":{"line":1,"column":59672},"end":{"line":1,"column":59729}},"type":"binary-expr","locations":[{"start":{"line":1,"column":59672},"end":{"line":1,"column":59696}},{"start":{"line":1,"column":59699},"end":{"line":1,"column":59728}}],"line":1},"10":{"loc":{"start":{"line":1,"column":59745},"end":{"line":1,"column":59758}},"type":"binary-expr","locations":[{"start":{"line":1,"column":59745},"end":{"line":1,"column":59746}},{"start":{"line":1,"column":59749},"end":{"line":1,"column":59757}}],"line":1}},"s":{"0":0,"1":0,"2":0,"3":0,"4":0,"5":0,"6":0,"7":0,"8":0,"9":0,"10":0,"11":0,"12":0,"13":0,"14":0,"15":0,"16":0,"17":0,"18":0,"19":0,"20":0,"21":0},"f":{"0":0,"1":0,"2":0,"3":0,"4":0,"5":0,"6":0},"b":{"0":[0,0],"1":[0,0],"2":[0,0],"3":[0,0],"4":[0,0],"5":[0,0],"6":[0,0],"7":[0,0],"8":[0,0],"9":[0,0],"10":[0,0]}}
,"/Users/yuruiqi/Desktop/软件工程/BUPTCheapHotel/HotelFrontend/UserVue/src/assets/font2/iconfont.js": {"path":"/Users/yuruiqi/Desktop/软件工程/BUPTCheapHotel/HotelFrontend/UserVue/src/assets/font2/iconfont.js","statementMap":{"0":{"start":{"line":1,"column":0},"end":{"line":1,"column":90495}},"1":{"start":{"line":1,"column":89202},"end":{"line":1,"column":89257}},"2":{"start":{"line":1,"column":89260},"end":{"line":1,"column":89292}},"3":{"start":{"line":1,"column":89295},"end":{"line":1,"column":89335}},"4":{"start":{"line":1,"column":89336},"end":{"line":1,"column":90364}},"5":{"start":{"line":1,"column":89359},"end":{"line":1,"column":89404}},"6":{"start":{"line":1,"column":89373},"end":{"line":1,"column":89403}},"7":{"start":{"line":1,"column":89405},"end":{"line":1,"column":89663}},"8":{"start":{"line":1,"column":89444},"end":{"line":1,"column":89478}},"9":{"start":{"line":1,"column":89478},"end":{"line":1,"column":89662}},"10":{"start":{"line":1,"column":89482},"end":{"line":1,"column":89628}},"11":{"start":{"line":1,"column":89638},"end":{"line":1,"column":89661}},"12":{"start":{"line":1,"column":89663},"end":{"line":1,"column":90363}},"13":{"start":{"line":1,"column":89684},"end":{"line":1,"column":89713}},"14":{"start":{"line":1,"column":89714},"end":{"line":1,"column":89988}},"15":{"start":{"line":1,"column":90112},"end":{"line":1,"column":90169}},"16":{"start":{"line":1,"column":90304},"end":{"line":1,"column":90361}},"17":{"start":{"line":1,"column":90377},"end":{"line":1,"column":90390}},"18":{"start":{"line":1,"column":90404},"end":{"line":1,"column":90481}},"19":{"start":{"line":1,"column":90408},"end":{"line":1,"column":90442}},"20":{"start":{"line":1,"column":90452},"end":{"line":1,"column":90480}},"21":{"start":{"line":1,"column":90481},"end":{"line":1,"column":90484}}},"fnMap":{"0":{"name":"(anonymous_0)","decl":{"start":{"line":1,"column":89184},"end":{"line":1,"column":89185}},"loc":{"start":{"line":1,"column":89195},"end":{"line":1,"column":90486}},"line":1},"1":{"name":"(anonymous_1)","decl":{"start":{"line":1,"column":89359},"end":{"line":1,"column":89360}},"loc":{"start":{"line":1,"column":89372},"end":{"line":1,"column":89404}},"line":1},"2":{"name":"(anonymous_2)","decl":{"start":{"line":1,"column":89665},"end":{"line":1,"column":89666}},"loc":{"start":{"line":1,"column":89675},"end":{"line":1,"column":89989}},"line":1},"3":{"name":"(anonymous_3)","decl":{"start":{"line":1,"column":90101},"end":{"line":1,"column":90102}},"loc":{"start":{"line":1,"column":90111},"end":{"line":1,"column":90170}},"line":1},"4":{"name":"(anonymous_4)","decl":{"start":{"line":1,"column":90293},"end":{"line":1,"column":90294}},"loc":{"start":{"line":1,"column":90303},"end":{"line":1,"column":90362}},"line":1},"5":{"name":"d","decl":{"start":{"line":1,"column":90373},"end":{"line":1,"column":90374}},"loc":{"start":{"line":1,"column":90376},"end":{"line":1,"column":90391}},"line":1},"6":{"name":"s","decl":{"start":{"line":1,"column":90400},"end":{"line":1,"column":90401}},"loc":{"start":{"line":1,"column":90403},"end":{"line":1,"column":90485}},"line":1}},"branchMap":{"0":{"loc":{"start":{"line":1,"column":89336},"end":{"line":1,"column":90364}},"type":"if","locations":[{"start":{"line":1,"column":89336},"end":{"line":1,"column":90364}},{"start":{},"end":{}}],"line":1},"1":{"loc":{"start":{"line":1,"column":89405},"end":{"line":1,"column":89663}},"type":"if","locations":[{"start":{"line":1,"column":89405},"end":{"line":1,"column":89663}},{"start":{},"end":{}}],"line":1},"2":{"loc":{"start":{"line":1,"column":89408},"end":{"line":1,"column":89442}},"type":"binary-expr","locations":[{"start":{"line":1,"column":89408},"end":{"line":1,"column":89409}},{"start":{"line":1,"column":89411},"end":{"line":1,"column":89442}}],"line":1},"3":{"loc":{"start":{"line":1,"column":89638},"end":{"line":1,"column":89661}},"type":"binary-expr","locations":[{"start":{"line":1,"column":89638},"end":{"line":1,"column":89645}},{"start":{"line":1,"column":89647},"end":{"line":1,"column":89661}}],"line":1},"4":{"loc":{"start":{"line":1,"column":89757},"end":{"line":1,"column":89988}},"type":"binary-expr","locations":[{"start":{"line":1,"column":89758},"end":{"line":1,"column":89792}},{"start":{"line":1,"column":89796},"end":{"line":1,"column":89987}}],"line":1},"5":{"loc":{"start":{"line":1,"column":89924},"end":{"line":1,"column":89987}},"type":"cond-expr","locations":[{"start":{"line":1,"column":89953},"end":{"line":1,"column":89970}},{"start":{"line":1,"column":89971},"end":{"line":1,"column":89987}}],"line":1},"6":{"loc":{"start":{"line":1,"column":89990},"end":{"line":1,"column":90363}},"type":"cond-expr","locations":[{"start":{"line":1,"column":90016},"end":{"line":1,"column":90222}},{"start":{"line":1,"column":90223},"end":{"line":1,"column":90363}}],"line":1},"7":{"loc":{"start":{"line":1,"column":90016},"end":{"line":1,"column":90222}},"type":"cond-expr","locations":[{"start":{"line":1,"column":90082},"end":{"line":1,"column":90097}},{"start":{"line":1,"column":90099},"end":{"line":1,"column":90221}}],"line":1},"8":{"loc":{"start":{"line":1,"column":90223},"end":{"line":1,"column":90363}},"type":"binary-expr","locations":[{"start":{"line":1,"column":90223},"end":{"line":1,"column":90243}},{"start":{"line":1,"column":90246},"end":{"line":1,"column":90362}}],"line":1},"9":{"loc":{"start":{"line":1,"column":90304},"end":{"line":1,"column":90361}},"type":"binary-expr","locations":[{"start":{"line":1,"column":90304},"end":{"line":1,"column":90328}},{"start":{"line":1,"column":90331},"end":{"line":1,"column":90360}}],"line":1},"10":{"loc":{"start":{"line":1,"column":90377},"end":{"line":1,"column":90390}},"type":"binary-expr","locations":[{"start":{"line":1,"column":90377},"end":{"line":1,"column":90378}},{"start":{"line":1,"column":90381},"end":{"line":1,"column":90389}}],"line":1}},"s":{"0":0,"1":0,"2":0,"3":0,"4":0,"5":0,"6":0,"7":0,"8":0,"9":0,"10":0,"11":0,"12":0,"13":0,"14":0,"15":0,"16":0,"17":0,"18":0,"19":0,"20":0,"21":0},"f":{"0":0,"1":0,"2":0,"3":0,"4":0,"5":0,"6":0},"b":{"0":[0,0],"1":[0,0],"2":[0,0],"3":[0,0],"4":[0,0],"5":[0,0],"6":[0,0],"7":[0,0],"8":[0,0],"9":[0,0],"10":[0,0]}}
,"/Users/yuruiqi/Desktop/软件工程/BUPTCheapHotel/HotelFrontend/UserVue/src/plugins/axios.js": {"path":"/Users/yuruiqi/Desktop/软件工程/BUPTCheapHotel/HotelFrontend/UserVue/src/plugins/axios.js","statementMap":{"0":{"start":{"line":11,"column":13},"end":{"line":19,"column":1}},"1":{"start":{"line":21,"column":15},"end":{"line":21,"column":35}},"2":{"start":{"line":23,"column":0},"end":{"line":32,"column":2}},"3":{"start":{"line":26,"column":4},"end":{"line":26,"column":18}},"4":{"start":{"line":30,"column":4},"end":{"line":30,"column":33}},"5":{"start":{"line":35,"column":0},"end":{"line":44,"column":2}},"6":{"start":{"line":38,"column":4},"end":{"line":38,"column":20}},"7":{"start":{"line":42,"column":4},"end":{"line":42,"column":33}},"8":{"start":{"line":46,"column":0},"end":{"line":61,"column":2}},"9":{"start":{"line":47,"column":2},"end":{"line":47,"column":21}},"10":{"start":{"line":48,"column":2},"end":{"line":48,"column":24}},"11":{"start":{"line":49,"column":2},"end":{"line":60,"column":5}},"12":{"start":{"line":52,"column":8},"end":{"line":52,"column":22}},"13":{"start":{"line":57,"column":8},"end":{"line":57,"column":22}},"14":{"start":{"line":63,"column":0},"end":{"line":63,"column":15}}},"fnMap":{"0":{"name":"(anonymous_0)","decl":{"start":{"line":24,"column":2},"end":{"line":24,"column":3}},"loc":{"start":{"line":24,"column":19},"end":{"line":27,"column":3}},"line":24},"1":{"name":"(anonymous_1)","decl":{"start":{"line":28,"column":2},"end":{"line":28,"column":3}},"loc":{"start":{"line":28,"column":18},"end":{"line":31,"column":3}},"line":28},"2":{"name":"(anonymous_2)","decl":{"start":{"line":36,"column":2},"end":{"line":36,"column":3}},"loc":{"start":{"line":36,"column":21},"end":{"line":39,"column":3}},"line":36},"3":{"name":"(anonymous_3)","decl":{"start":{"line":40,"column":2},"end":{"line":40,"column":3}},"loc":{"start":{"line":40,"column":18},"end":{"line":43,"column":3}},"line":40},"4":{"name":"(anonymous_4)","decl":{"start":{"line":46,"column":17},"end":{"line":46,"column":18}},"loc":{"start":{"line":46,"column":31},"end":{"line":61,"column":1}},"line":46},"5":{"name":"(anonymous_5)","decl":{"start":{"line":51,"column":6},"end":{"line":51,"column":7}},"loc":{"start":{"line":51,"column":12},"end":{"line":53,"column":7}},"line":51},"6":{"name":"(anonymous_6)","decl":{"start":{"line":56,"column":6},"end":{"line":56,"column":7}},"loc":{"start":{"line":56,"column":12},"end":{"line":58,"column":7}},"line":56}},"branchMap":{},"s":{"0":0,"1":0,"2":0,"3":0,"4":0,"5":0,"6":0,"7":0,"8":0,"9":0,"10":0,"11":0,"12":0,"13":0,"14":0},"f":{"0":0,"1":0,"2":0,"3":0,"4":0,"5":0,"6":0},"b":{}}
,"/Users/yuruiqi/Desktop/软件工程/BUPTCheapHotel/HotelFrontend/UserVue/src/plugins/element.js": {"path":"/Users/yuruiqi/Desktop/软件工程/BUPTCheapHotel/HotelFrontend/UserVue/src/plugins/element.js","statementMap":{"0":{"start":{"line":5,"column":0},"end":{"line":5,"column":16}}},"fnMap":{},"branchMap":{},"s":{"0":0},"f":{},"b":{}}
,"/Users/yuruiqi/Desktop/软件工程/BUPTCheapHotel/HotelFrontend/UserVue/src/plugins/initialize.js": {"path":"/Users/yuruiqi/Desktop/软件工程/BUPTCheapHotel/HotelFrontend/UserVue/src/plugins/initialize.js","statementMap":{"0":{"start":{"line":25,"column":17},"end":{"line":25,"column":55951}},"1":{"start":{"line":26,"column":17},"end":{"line":26,"column":2203}},"2":{"start":{"line":27,"column":13},"end":{"line":27,"column":53}},"3":{"start":{"line":28,"column":2},"end":{"line":28,"column":45}},"4":{"start":{"line":29,"column":2},"end":{"line":29,"column":32}},"5":{"start":{"line":32,"column":0},"end":{"line":34,"column":5}},"6":{"start":{"line":33,"column":2},"end":{"line":33,"column":8}},"7":{"start":{"line":36,"column":14},"end":{"line":36,"column":15}},"8":{"start":{"line":37,"column":19},"end":{"line":37,"column":23}},"9":{"start":{"line":41,"column":2},"end":{"line":43,"column":3}},"10":{"start":{"line":42,"column":4},"end":{"line":42,"column":22}},"11":{"start":{"line":45,"column":2},"end":{"line":58,"column":3}},"12":{"start":{"line":46,"column":4},"end":{"line":51,"column":10}},"13":{"start":{"line":47,"column":20},"end":{"line":47,"column":47}},"14":{"start":{"line":48,"column":6},"end":{"line":50,"column":8}},"15":{"start":{"line":49,"column":8},"end":{"line":49,"column":43}},"16":{"start":{"line":54,"column":4},"end":{"line":54,"column":25}},"17":{"start":{"line":55,"column":4},"end":{"line":57,"column":13}},"18":{"start":{"line":56,"column":6},"end":{"line":56,"column":26}},"19":{"start":{"line":62,"column":17},"end":{"line":62,"column":19}},"20":{"start":{"line":63,"column":2},"end":{"line":74,"column":3}},"21":{"start":{"line":64,"column":20},"end":{"line":64,"column":69}},"22":{"start":{"line":65,"column":4},"end":{"line":67,"column":5}},"23":{"start":{"line":66,"column":6},"end":{"line":66,"column":13}},"24":{"start":{"line":68,"column":4},"end":{"line":68,"column":26}},"25":{"start":{"line":69,"column":9},"end":{"line":74,"column":3}},"26":{"start":{"line":70,"column":4},"end":{"line":70,"column":73}},"27":{"start":{"line":73,"column":4},"end":{"line":73,"column":54}},"28":{"start":{"line":76,"column":2},"end":{"line":146,"column":3}},"29":{"start":{"line":76,"column":15},"end":{"line":76,"column":16}},"30":{"start":{"line":77,"column":16},"end":{"line":77,"column":41}},"31":{"start":{"line":78,"column":16},"end":{"line":78,"column":41}},"32":{"start":{"line":80,"column":4},"end":{"line":111,"column":5}},"33":{"start":{"line":81,"column":6},"end":{"line":110,"column":7}},"34":{"start":{"line":82,"column":20},"end":{"line":82,"column":30}},"35":{"start":{"line":83,"column":8},"end":{"line":109,"column":10}},"36":{"start":{"line":85,"column":10},"end":{"line":91,"column":11}},"37":{"start":{"line":86,"column":12},"end":{"line":90,"column":13}},"38":{"start":{"line":86,"column":24},"end":{"line":86,"column":25}},"39":{"start":{"line":87,"column":14},"end":{"line":89,"column":15}},"40":{"start":{"line":88,"column":16},"end":{"line":88,"column":22}},"41":{"start":{"line":93,"column":18},"end":{"line":93,"column":37}},"42":{"start":{"line":94,"column":25},"end":{"line":94,"column":27}},"43":{"start":{"line":95,"column":22},"end":{"line":95,"column":24}},"44":{"start":{"line":96,"column":19},"end":{"line":96,"column":22}},"45":{"start":{"line":97,"column":10},"end":{"line":101,"column":11}},"46":{"start":{"line":98,"column":12},"end":{"line":98,"column":29}},"47":{"start":{"line":99,"column":12},"end":{"line":99,"column":38}},"48":{"start":{"line":100,"column":12},"end":{"line":100,"column":35}},"49":{"start":{"line":103,"column":10},"end":{"line":108,"column":11}},"50":{"start":{"line":104,"column":12},"end":{"line":107,"column":13}},"51":{"start":{"line":105,"column":14},"end":{"line":105,"column":74}},"52":{"start":{"line":106,"column":14},"end":{"line":106,"column":50}},"53":{"start":{"line":113,"column":4},"end":{"line":145,"column":5}},"54":{"start":{"line":115,"column":6},"end":{"line":144,"column":7}},"55":{"start":{"line":116,"column":20},"end":{"line":116,"column":30}},"56":{"start":{"line":117,"column":8},"end":{"line":143,"column":10}},"57":{"start":{"line":118,"column":10},"end":{"line":124,"column":11}},"58":{"start":{"line":119,"column":12},"end":{"line":123,"column":13}},"59":{"start":{"line":119,"column":24},"end":{"line":119,"column":25}},"60":{"start":{"line":120,"column":14},"end":{"line":122,"column":15}},"61":{"start":{"line":121,"column":16},"end":{"line":121,"column":22}},"62":{"start":{"line":126,"column":18},"end":{"line":126,"column":37}},"63":{"start":{"line":127,"column":25},"end":{"line":127,"column":27}},"64":{"start":{"line":128,"column":22},"end":{"line":128,"column":24}},"65":{"start":{"line":129,"column":19},"end":{"line":129,"column":22}},"66":{"start":{"line":130,"column":10},"end":{"line":134,"column":11}},"67":{"start":{"line":131,"column":12},"end":{"line":131,"column":29}},"68":{"start":{"line":132,"column":12},"end":{"line":132,"column":38}},"69":{"start":{"line":133,"column":12},"end":{"line":133,"column":35}},"70":{"start":{"line":136,"column":10},"end":{"line":142,"column":11}},"71":{"start":{"line":138,"column":12},"end":{"line":141,"column":13}},"72":{"start":{"line":139,"column":14},"end":{"line":139,"column":74}},"73":{"start":{"line":140,"column":14},"end":{"line":140,"column":50}},"74":{"start":{"line":147,"column":2},"end":{"line":147,"column":14}},"75":{"start":{"line":151,"column":24},"end":{"line":151,"column":49}},"76":{"start":{"line":152,"column":2},"end":{"line":152,"column":18}},"77":{"start":{"line":153,"column":19},"end":{"line":153,"column":71}},"78":{"start":{"line":154,"column":2},"end":{"line":156,"column":3}},"79":{"start":{"line":155,"column":4},"end":{"line":155,"column":38}},"80":{"start":{"line":160,"column":0},"end":{"line":166,"column":2}},"81":{"start":{"line":162,"column":4},"end":{"line":164,"column":7}},"82":{"start":{"line":163,"column":6},"end":{"line":163,"column":14}},"83":{"start":{"line":169,"column":16},"end":{"line":169,"column":33}},"84":{"start":{"line":170,"column":17},"end":{"line":170,"column":80}},"85":{"start":{"line":170,"column":63},"end":{"line":170,"column":78}},"86":{"start":{"line":171,"column":2},"end":{"line":171,"column":16}},"87":{"start":{"line":175,"column":17},"end":{"line":175,"column":27}},"88":{"start":{"line":176,"column":2},"end":{"line":178,"column":3}},"89":{"start":{"line":177,"column":4},"end":{"line":177,"column":16}},"90":{"start":{"line":179,"column":16},"end":{"line":179,"column":45}},"91":{"start":{"line":180,"column":2},"end":{"line":184,"column":3}},"92":{"start":{"line":180,"column":15},"end":{"line":180,"column":16}},"93":{"start":{"line":181,"column":4},"end":{"line":183,"column":5}},"94":{"start":{"line":182,"column":6},"end":{"line":182,"column":18}},"95":{"start":{"line":185,"column":15},"end":{"line":185,"column":71}},"96":{"start":{"line":186,"column":16},"end":{"line":186,"column":47}},"97":{"start":{"line":187,"column":24},"end":{"line":187,"column":55}},"98":{"start":{"line":188,"column":2},"end":{"line":194,"column":3}},"99":{"start":{"line":188,"column":15},"end":{"line":188,"column":16}},"100":{"start":{"line":189,"column":26},"end":{"line":189,"column":60}},"101":{"start":{"line":190,"column":21},"end":{"line":190,"column":53}},"102":{"start":{"line":191,"column":4},"end":{"line":193,"column":5}},"103":{"start":{"line":192,"column":6},"end":{"line":192,"column":18}},"104":{"start":{"line":195,"column":2},"end":{"line":195,"column":15}},"105":{"start":{"line":199,"column":16},"end":{"line":199,"column":45}},"106":{"start":{"line":200,"column":2},"end":{"line":202,"column":5}},"107":{"start":{"line":201,"column":4},"end":{"line":201,"column":18}},"108":{"start":{"line":204,"column":18},"end":{"line":204,"column":45}},"109":{"start":{"line":205,"column":15},"end":{"line":205,"column":63}},"110":{"start":{"line":206,"column":2},"end":{"line":206,"column":54}},"111":{"start":{"line":207,"column":2},"end":{"line":207,"column":85}},"112":{"start":{"line":208,"column":2},"end":{"line":212,"column":3}},"113":{"start":{"line":209,"column":4},"end":{"line":209,"column":54}},"114":{"start":{"line":211,"column":4},"end":{"line":211,"column":33}},"115":{"start":{"line":216,"column":18},"end":{"line":216,"column":80}},"116":{"start":{"line":217,"column":16},"end":{"line":217,"column":294}},"117":{"start":{"line":218,"column":16},"end":{"line":218,"column":310}}},"fnMap":{"0":{"name":"init","decl":{"start":{"line":24,"column":9},"end":{"line":24,"column":13}},"loc":{"start":{"line":24,"column":16},"end":{"line":30,"column":1}},"line":24},"1":{"name":"(anonymous_1)","decl":{"start":{"line":32,"column":1},"end":{"line":32,"column":2}},"loc":{"start":{"line":32,"column":12},"end":{"line":34,"column":1}},"line":32},"2":{"name":"toLoad","decl":{"start":{"line":39,"column":16},"end":{"line":39,"column":22}},"loc":{"start":{"line":39,"column":44},"end":{"line":59,"column":1}},"line":39},"3":{"name":"(anonymous_3)","decl":{"start":{"line":46,"column":15},"end":{"line":46,"column":16}},"loc":{"start":{"line":46,"column":21},"end":{"line":51,"column":5}},"line":46},"4":{"name":"(anonymous_4)","decl":{"start":{"line":48,"column":22},"end":{"line":48,"column":23}},"loc":{"start":{"line":48,"column":33},"end":{"line":50,"column":7}},"line":48},"5":{"name":"(anonymous_5)","decl":{"start":{"line":55,"column":15},"end":{"line":55,"column":16}},"loc":{"start":{"line":55,"column":21},"end":{"line":57,"column":5}},"line":55},"6":{"name":"loadTag","decl":{"start":{"line":61,"column":9},"end":{"line":61,"column":16}},"loc":{"start":{"line":61,"column":47},"end":{"line":148,"column":1}},"line":61},"7":{"name":"(anonymous_7)","decl":{"start":{"line":83,"column":22},"end":{"line":83,"column":23}},"loc":{"start":{"line":83,"column":29},"end":{"line":109,"column":9}},"line":83},"8":{"name":"(anonymous_8)","decl":{"start":{"line":117,"column":22},"end":{"line":117,"column":23}},"loc":{"start":{"line":117,"column":29},"end":{"line":143,"column":9}},"line":117},"9":{"name":"updateElement","decl":{"start":{"line":150,"column":9},"end":{"line":150,"column":22}},"loc":{"start":{"line":150,"column":42},"end":{"line":157,"column":1}},"line":150},"10":{"name":"(anonymous_10)","decl":{"start":{"line":161,"column":2},"end":{"line":161,"column":3}},"loc":{"start":{"line":161,"column":12},"end":{"line":165,"column":3}},"line":161},"11":{"name":"(anonymous_11)","decl":{"start":{"line":162,"column":19},"end":{"line":162,"column":20}},"loc":{"start":{"line":162,"column":25},"end":{"line":164,"column":5}},"line":162},"12":{"name":"from","decl":{"start":{"line":168,"column":9},"end":{"line":168,"column":13}},"loc":{"start":{"line":168,"column":20},"end":{"line":172,"column":1}},"line":168},"13":{"name":"(anonymous_13)","decl":{"start":{"line":170,"column":58},"end":{"line":170,"column":59}},"loc":{"start":{"line":170,"column":63},"end":{"line":170,"column":78}},"line":170},"14":{"name":"hasITagWithClass","decl":{"start":{"line":174,"column":9},"end":{"line":174,"column":25}},"loc":{"start":{"line":174,"column":50},"end":{"line":196,"column":1}},"line":174},"15":{"name":"updateITag","decl":{"start":{"line":198,"column":9},"end":{"line":198,"column":19}},"loc":{"start":{"line":198,"column":60},"end":{"line":213,"column":1}},"line":198},"16":{"name":"(anonymous_16)","decl":{"start":{"line":200,"column":16},"end":{"line":200,"column":17}},"loc":{"start":{"line":200,"column":26},"end":{"line":202,"column":3}},"line":200}},"branchMap":{"0":{"loc":{"start":{"line":41,"column":2},"end":{"line":43,"column":3}},"type":"if","locations":[{"start":{"line":41,"column":2},"end":{"line":43,"column":3}},{"start":{},"end":{}}],"line":41},"1":{"loc":{"start":{"line":41,"column":5},"end":{"line":41,"column":76}},"type":"binary-expr","locations":[{"start":{"line":41,"column":5},"end":{"line":41,"column":37}},{"start":{"line":41,"column":41},"end":{"line":41,"column":76}}],"line":41},"2":{"loc":{"start":{"line":45,"column":2},"end":{"line":58,"column":3}},"type":"if","locations":[{"start":{"line":45,"column":2},"end":{"line":58,"column":3}},{"start":{},"end":{}}],"line":45},"3":{"loc":{"start":{"line":63,"column":2},"end":{"line":74,"column":3}},"type":"if","locations":[{"start":{"line":63,"column":2},"end":{"line":74,"column":3}},{"start":{"line":69,"column":9},"end":{"line":74,"column":3}}],"line":63},"4":{"loc":{"start":{"line":65,"column":4},"end":{"line":67,"column":5}},"type":"if","locations":[{"start":{"line":65,"column":4},"end":{"line":67,"column":5}},{"start":{},"end":{}}],"line":65},"5":{"loc":{"start":{"line":69,"column":9},"end":{"line":74,"column":3}},"type":"if","locations":[{"start":{"line":69,"column":9},"end":{"line":74,"column":3}},{"start":{"line":72,"column":9},"end":{"line":74,"column":3}}],"line":69},"6":{"loc":{"start":{"line":81,"column":6},"end":{"line":110,"column":7}},"type":"if","locations":[{"start":{"line":81,"column":6},"end":{"line":110,"column":7}},{"start":{},"end":{}}],"line":81},"7":{"loc":{"start":{"line":85,"column":10},"end":{"line":91,"column":11}},"type":"if","locations":[{"start":{"line":85,"column":10},"end":{"line":91,"column":11}},{"start":{},"end":{}}],"line":85},"8":{"loc":{"start":{"line":87,"column":14},"end":{"line":89,"column":15}},"type":"if","locations":[{"start":{"line":87,"column":14},"end":{"line":89,"column":15}},{"start":{},"end":{}}],"line":87},"9":{"loc":{"start":{"line":97,"column":10},"end":{"line":101,"column":11}},"type":"if","locations":[{"start":{"line":97,"column":10},"end":{"line":101,"column":11}},{"start":{},"end":{}}],"line":97},"10":{"loc":{"start":{"line":103,"column":10},"end":{"line":108,"column":11}},"type":"if","locations":[{"start":{"line":103,"column":10},"end":{"line":108,"column":11}},{"start":{},"end":{}}],"line":103},"11":{"loc":{"start":{"line":104,"column":12},"end":{"line":107,"column":13}},"type":"if","locations":[{"start":{"line":104,"column":12},"end":{"line":107,"column":13}},{"start":{},"end":{}}],"line":104},"12":{"loc":{"start":{"line":115,"column":6},"end":{"line":144,"column":7}},"type":"if","locations":[{"start":{"line":115,"column":6},"end":{"line":144,"column":7}},{"start":{},"end":{}}],"line":115},"13":{"loc":{"start":{"line":118,"column":10},"end":{"line":124,"column":11}},"type":"if","locations":[{"start":{"line":118,"column":10},"end":{"line":124,"column":11}},{"start":{},"end":{}}],"line":118},"14":{"loc":{"start":{"line":120,"column":14},"end":{"line":122,"column":15}},"type":"if","locations":[{"start":{"line":120,"column":14},"end":{"line":122,"column":15}},{"start":{},"end":{}}],"line":120},"15":{"loc":{"start":{"line":130,"column":10},"end":{"line":134,"column":11}},"type":"if","locations":[{"start":{"line":130,"column":10},"end":{"line":134,"column":11}},{"start":{},"end":{}}],"line":130},"16":{"loc":{"start":{"line":136,"column":10},"end":{"line":142,"column":11}},"type":"if","locations":[{"start":{"line":136,"column":10},"end":{"line":142,"column":11}},{"start":{},"end":{}}],"line":136},"17":{"loc":{"start":{"line":138,"column":12},"end":{"line":141,"column":13}},"type":"if","locations":[{"start":{"line":138,"column":12},"end":{"line":141,"column":13}},{"start":{},"end":{}}],"line":138},"18":{"loc":{"start":{"line":154,"column":2},"end":{"line":156,"column":3}},"type":"if","locations":[{"start":{"line":154,"column":2},"end":{"line":156,"column":3}},{"start":{},"end":{}}],"line":154},"19":{"loc":{"start":{"line":176,"column":2},"end":{"line":178,"column":3}},"type":"if","locations":[{"start":{"line":176,"column":2},"end":{"line":178,"column":3}},{"start":{},"end":{}}],"line":176},"20":{"loc":{"start":{"line":181,"column":4},"end":{"line":183,"column":5}},"type":"if","locations":[{"start":{"line":181,"column":4},"end":{"line":183,"column":5}},{"start":{},"end":{}}],"line":181},"21":{"loc":{"start":{"line":191,"column":4},"end":{"line":193,"column":5}},"type":"if","locations":[{"start":{"line":191,"column":4},"end":{"line":193,"column":5}},{"start":{},"end":{}}],"line":191},"22":{"loc":{"start":{"line":208,"column":2},"end":{"line":212,"column":3}},"type":"if","locations":[{"start":{"line":208,"column":2},"end":{"line":212,"column":3}},{"start":{"line":210,"column":9},"end":{"line":212,"column":3}}],"line":208}},"s":{"0":0,"1":0,"2":0,"3":0,"4":0,"5":0,"6":0,"7":0,"8":0,"9":0,"10":0,"11":0,"12":0,"13":0,"14":0,"15":0,"16":0,"17":0,"18":0,"19":0,"20":0,"21":0,"22":0,"23":0,"24":0,"25":0,"26":0,"27":0,"28":0,"29":0,"30":0,"31":0,"32":0,"33":0,"34":0,"35":0,"36":0,"37":0,"38":0,"39":0,"40":0,"41":0,"42":0,"43":0,"44":0,"45":0,"46":0,"47":0,"48":0,"49":0,"50":0,"51":0,"52":0,"53":0,"54":0,"55":0,"56":0,"57":0,"58":0,"59":0,"60":0,"61":0,"62":0,"63":0,"64":0,"65":0,"66":0,"67":0,"68":0,"69":0,"70":0,"71":0,"72":0,"73":0,"74":0,"75":0,"76":0,"77":0,"78":0,"79":0,"80":0,"81":0,"82":0,"83":0,"84":0,"85":0,"86":0,"87":0,"88":0,"89":0,"90":0,"91":0,"92":0,"93":0,"94":0,"95":0,"96":0,"97":0,"98":0,"99":0,"100":0,"101":0,"102":0,"103":0,"104":0,"105":0,"106":0,"107":0,"108":0,"109":0,"110":0,"111":0,"112":0,"113":0,"114":0,"115":0,"116":0,"117":0},"f":{"0":0,"1":0,"2":0,"3":0,"4":0,"5":0,"6":0,"7":0,"8":0,"9":0,"10":0,"11":0,"12":0,"13":0,"14":0,"15":0,"16":0},"b":{"0":[0,0],"1":[0,0],"2":[0,0],"3":[0,0],"4":[0,0],"5":[0,0],"6":[0,0],"7":[0,0],"8":[0,0],"9":[0,0],"10":[0,0],"11":[0,0],"12":[0,0],"13":[0,0],"14":[0,0],"15":[0,0],"16":[0,0],"17":[0,0],"18":[0,0],"19":[0,0],"20":[0,0],"21":[0,0],"22":[0,0]}}
,"/Users/yuruiqi/Desktop/软件工程/BUPTCheapHotel/HotelFrontend/UserVue/src/store/index.js": {"path":"/Users/yuruiqi/Desktop/软件工程/BUPTCheapHotel/HotelFrontend/UserVue/src/store/index.js","statementMap":{"0":{"start":{"line":9,"column":0},"end":{"line":9,"column":13}},"1":{"start":{"line":28,"column":6},"end":{"line":28,"column":34}},"2":{"start":{"line":31,"column":6},"end":{"line":31,"column":37}},"3":{"start":{"line":34,"column":6},"end":{"line":34,"column":30}}},"fnMap":{"0":{"name":"(anonymous_0)","decl":{"start":{"line":27,"column":4},"end":{"line":27,"column":5}},"loc":{"start":{"line":27,"column":19},"end":{"line":29,"column":5}},"line":27},"1":{"name":"(anonymous_1)","decl":{"start":{"line":30,"column":4},"end":{"line":30,"column":5}},"loc":{"start":{"line":30,"column":18},"end":{"line":32,"column":5}},"line":30},"2":{"name":"(anonymous_2)","decl":{"start":{"line":33,"column":4},"end":{"line":33,"column":5}},"loc":{"start":{"line":33,"column":19},"end":{"line":35,"column":5}},"line":33}},"branchMap":{},"s":{"0":0,"1":0,"2":0,"3":0},"f":{"0":0,"1":0,"2":0},"b":{}}
}
